<?xml version="1.0" encoding="UTF-8"?>
<!-- Generated by org.testng.reporters.JUnitReportReporter -->
<testsuite hostname="PF14H0VV" failures="0" tests="1" name="Tests.ElementPageTest" time="5.225" errors="0" timestamp="2022-06-18T01:40:15 EDT" skipped="0">
  <testcase classname="Tests.ElementPageTest" name="ElementPage" time="5.225"/>
</testsuite> <!-- Tests.ElementPageTest -->
