<?xml version="1.0" encoding="UTF-8"?>
<!-- Generated by org.testng.reporters.JUnitReportReporter -->
<testsuite hostname="PF14H0VV" failures="0" tests="1" name="Tests.FormTest" time="10.348" errors="0" timestamp="2022-06-18T01:40:15 EDT" skipped="0">
  <testcase classname="Tests.FormTest" name="ElementPage" time="10.348"/>
</testsuite> <!-- Tests.FormTest -->
